<?xml version="1.0" encoding="UTF-8"?>
<!-- Generated by org.testng.reporters.JUnitReportReporter -->
<testsuite hostname="LAPTOP-1SE3GBU9" failures="0" tests="2" name="runners.TestRunner" time="33.910" errors="0" timestamp="2023-10-10T23:11:26 IST" skipped="0">
  <testcase classname="runners.TestRunner" name="runScenario" time="20.891"/>
  <testcase classname="runners.TestRunner" name="runScenario" time="13.019"/>
</testsuite> <!-- runners.TestRunner -->
